<?xml version="1.0" encoding="UTF-8"?>
<testsuite xmlns:xsi="http://www.w3.org/2001/XMLSchema-instance" xsi:noNamespaceSchemaLocation="https://maven.apache.org/surefire/maven-surefire-plugin/xsd/surefire-test-report.xsd" version="3.0.2" name="io.oferto.poc_mapstruct_lombok.PocMapstructLombokApplicationTests" time="2.637" tests="1" errors="0" skipped="0" failures="0">
  <properties>
[...]
</properties>
  <testcase name="contextLoads" classname="io.oferto.poc_mapstruct_lombok.PocMapstructLombokApplicationTests" time="0.762">
    <system-out><![CDATA[19:17:11.992 [main] INFO org.springframework.test.context.support.AnnotationConfigContextLoaderUtils -- Could not detect default configuration classes for test class [io.oferto.poc_mapstruct_lombok.PocMapstructLombokApplicationTests]: PocMapstructLombokApplicationTests does not declare any static, non-private, non-final, nested classes annotated with @Configuration.
19:17:12.094 [main] INFO org.springframework.boot.test.context.SpringBootTestContextBootstrapper -- Found @SpringBootConfiguration io.oferto.poc_mapstruct_lombok.PocMapstructLombokApplication for test class io.oferto.poc_mapstruct_lombok.PocMapstructLombokApplicationTests
19:17:12.255 [main] INFO org.springframework.boot.devtools.restart.RestartApplicationListener -- Restart disabled due to context in which it is running

  .   ____          _            __ _ _
 /\\ / ___'_ __ _ _(_)_ __  __ _ \ \ \ \
( ( )\___ | '_ | '_| | '_ \/ _` | \ \ \ \
 \\/  ___)| |_)| | | | | || (_| |  ) ) ) )
  '  |____| .__|_| |_|_| |_\__, | / / / /
 =========|_|==============|___/=/_/_/_/

 :: Spring Boot ::                (v3.4.4)

2025-04-14T19:17:12.533+02:00  INFO 38855 --- [poc-mapstruct-lombok] [           main] i.o.p.PocMapstructLombokApplicationTests : Starting PocMapstructLombokApplicationTests using Java 17.0.4.1 with PID 38855 (started by miguel in /home/miguel/git/poc-mapstructs-lombok)
2025-04-14T19:17:12.534+02:00  INFO 38855 --- [poc-mapstruct-lombok] [           main] i.o.p.PocMapstructLombokApplicationTests : No active profile set, falling back to 1 default profile: "default"
2025-04-14T19:17:13.431+02:00  INFO 38855 --- [poc-mapstruct-lombok] [           main] o.s.v.b.OptionalValidatorFactoryBean     : Failed to set up a Bean Validation provider: jakarta.validation.NoProviderFoundException: Unable to create a Configuration, because no Jakarta Bean Validation provider could be found. Add a provider like Hibernate Validator (RI) to your classpath.
2025-04-14T19:17:13.709+02:00  INFO 38855 --- [poc-mapstruct-lombok] [           main] i.o.p.PocMapstructLombokApplicationTests : Started PocMapstructLombokApplicationTests in 1.464 seconds (process running for 2.397)
]]></system-out>
  </testcase>
</testsuite>